Code status
----------------------------------------
code[0] = 2
code[1] = 7
code[2] = 3
code[3] = 20
code[4] = 7
code[5] = 0

----------------------------------------
REG status
----------------------------------------
ax = 0
bx = 0
cx = 0
dx = 0

----------------------------------------
RAM status
----------------------------------------
 0 0 0 0 0 0 0 0 0 0 0 0 0 0 0 0 0 0 0 0 0 0 0 0 0
----------------------------------------
Code status
----------------------------------------
ip -> code[0] = 2
code[1] = 7
code[2] = 3
code[3] = 20
code[4] = 7
code[5] = 0

----------------------------------------
REG status
----------------------------------------
ax = 0
bx = 0
cx = 0
dx = 0

----------------------------------------
RAM status
----------------------------------------
 0 0 0 0 0 0 0 0 0 0 0 0 0 0 0 0 0 0 0 0 0 0 0 0 0
----------------------------------------
Code status
----------------------------------------
code[0] = 2
code[1] = 7
code[2] = 3
code[3] = 20
ip -> code[4] = 7
code[5] = 0

----------------------------------------
REG status
----------------------------------------
ax = 0
bx = 0
cx = 0
dx = 0

----------------------------------------
RAM status
----------------------------------------
 0 0 0 0 0 0 0 0 0 0 0 0 0 0 0 0 0 0 0 0 40 0 0 0 0
----------------------------------------
Code status
----------------------------------------
code[0] = 2
code[1] = 7
code[2] = 3
code[3] = 20
code[4] = 7
ip -> code[5] = 0

----------------------------------------
REG status
----------------------------------------
ax = 0
bx = 0
cx = 0
dx = 0

----------------------------------------
RAM status
----------------------------------------
 0 0 0 0 0 0 0 0 0 0 0 0 0 0 0 0 0 0 0 0 40 0 0 0 0
----------------------------------------
