=========================================
file : source/operators.cpp
line : 50
address stack_structure : 0x0061FE68
size : 2,  address size : 0x0061FE6C
capacity : 4,  address capacity : 0x0061FE70
address dump file : 0x0061FE74
address memory report file 0x0061FE78
hash : 88039437, address hash : 0x0061FE7C
poison :66666, address poison : 0x0061FE80
address pointer left canary : 0x0061FE84
address pointer right canary : 0x0061FE88
stack : 0x0106162C
left_canary : 0x01061628 value :3565
*data[0] = 6 address = 0x0106162C
*data[1] = 2 address = 0x01061630
data[2] = 66666 address = 0x01061634
data[3] = 66666 address = 0x01061638
right_canary : 0x0106163C value : 3802
=========================================
file : source/operators.cpp
line : 67
address stack_structure : 0x0061FE68
size : 2,  address size : 0x0061FE6C
capacity : 4,  address capacity : 0x0061FE70
address dump file : 0x0061FE74
address memory report file 0x0061FE78
hash : 88039437, address hash : 0x0061FE7C
poison :66666, address poison : 0x0061FE80
address pointer left canary : 0x0061FE84
address pointer right canary : 0x0061FE88
stack : 0x0106162C
left_canary : 0x01061628 value :3565
*data[0] = 6 address = 0x0106162C
*data[1] = 2 address = 0x01061630
data[2] = 66666 address = 0x01061634
data[3] = 66666 address = 0x01061638
right_canary : 0x0106163C value : 3802
=========================================
file : source/operators.cpp
line : 209
address stack_structure : 0x0061FE68
size : 2,  address size : 0x0061FE6C
capacity : 4,  address capacity : 0x0061FE70
address dump file : 0x0061FE74
address memory report file 0x0061FE78
hash : 88039437, address hash : 0x0061FE7C
poison :66666, address poison : 0x0061FE80
address pointer left canary : 0x0061FE84
address pointer right canary : 0x0061FE88
stack : 0x0106162C
left_canary : 0x01061628 value :3565
*data[0] = 6 address = 0x0106162C
*data[1] = 2 address = 0x01061630
data[2] = 66666 address = 0x01061634
data[3] = 66666 address = 0x01061638
right_canary : 0x0106163C value : 3802
=========================================
file : source/operators.cpp
line : 50
address stack_structure : 0x0061FE68
size : 2,  address size : 0x0061FE6C
capacity : 4,  address capacity : 0x0061FE70
address dump file : 0x0061FE74
address memory report file 0x0061FE78
hash : 88075374, address hash : 0x0061FE7C
poison :66666, address poison : 0x0061FE80
address pointer left canary : 0x0061FE84
address pointer right canary : 0x0061FE88
stack : 0x0106162C
left_canary : 0x01061628 value :3565
*data[0] = 6 address = 0x0106162C
*data[1] = 3 address = 0x01061630
data[2] = 66666 address = 0x01061634
data[3] = 66666 address = 0x01061638
right_canary : 0x0106163C value : 3802
=========================================
file : source/operators.cpp
line : 67
address stack_structure : 0x0061FE68
size : 2,  address size : 0x0061FE6C
capacity : 4,  address capacity : 0x0061FE70
address dump file : 0x0061FE74
address memory report file 0x0061FE78
hash : 88183185, address hash : 0x0061FE7C
poison :66666, address poison : 0x0061FE80
address pointer left canary : 0x0061FE84
address pointer right canary : 0x0061FE88
stack : 0x0106162C
left_canary : 0x01061628 value :3565
*data[0] = 6 address = 0x0106162C
*data[1] = 6 address = 0x01061630
data[2] = 66666 address = 0x01061634
data[3] = 66666 address = 0x01061638
right_canary : 0x0106163C value : 3802
=========================================
file : source/operators.cpp
line : 209
address stack_structure : 0x0061FE68
size : 2,  address size : 0x0061FE6C
capacity : 4,  address capacity : 0x0061FE70
address dump file : 0x0061FE74
address memory report file 0x0061FE78
hash : 88075374, address hash : 0x0061FE7C
poison :66666, address poison : 0x0061FE80
address pointer left canary : 0x0061FE84
address pointer right canary : 0x0061FE88
stack : 0x0106162C
left_canary : 0x01061628 value :3565
*data[0] = 6 address = 0x0106162C
*data[1] = 3 address = 0x01061630
data[2] = 66666 address = 0x01061634
data[3] = 66666 address = 0x01061638
right_canary : 0x0106163C value : 3802
=========================================
file : source/operators.cpp
line : 50
address stack_structure : 0x0061FE68
size : 2,  address size : 0x0061FE6C
capacity : 4,  address capacity : 0x0061FE70
address dump file : 0x0061FE74
address memory report file 0x0061FE78
hash : 88111311, address hash : 0x0061FE7C
poison :66666, address poison : 0x0061FE80
address pointer left canary : 0x0061FE84
address pointer right canary : 0x0061FE88
stack : 0x0106162C
left_canary : 0x01061628 value :3565
*data[0] = 6 address = 0x0106162C
*data[1] = 4 address = 0x01061630
data[2] = 66666 address = 0x01061634
data[3] = 66666 address = 0x01061638
right_canary : 0x0106163C value : 3802
=========================================
file : source/operators.cpp
line : 67
address stack_structure : 0x0061FE68
size : 2,  address size : 0x0061FE6C
capacity : 4,  address capacity : 0x0061FE70
address dump file : 0x0061FE74
address memory report file 0x0061FE78
hash : 88830051, address hash : 0x0061FE7C
poison :66666, address poison : 0x0061FE80
address pointer left canary : 0x0061FE84
address pointer right canary : 0x0061FE88
stack : 0x0106162C
left_canary : 0x01061628 value :3565
*data[0] = 6 address = 0x0106162C
*data[1] = 24 address = 0x01061630
data[2] = 66666 address = 0x01061634
data[3] = 66666 address = 0x01061638
right_canary : 0x0106163C value : 3802
=========================================
file : source/operators.cpp
line : 209
address stack_structure : 0x0061FE68
size : 2,  address size : 0x0061FE6C
capacity : 4,  address capacity : 0x0061FE70
address dump file : 0x0061FE74
address memory report file 0x0061FE78
hash : 88111311, address hash : 0x0061FE7C
poison :66666, address poison : 0x0061FE80
address pointer left canary : 0x0061FE84
address pointer right canary : 0x0061FE88
stack : 0x0106162C
left_canary : 0x01061628 value :3565
*data[0] = 6 address = 0x0106162C
*data[1] = 4 address = 0x01061630
data[2] = 66666 address = 0x01061634
data[3] = 66666 address = 0x01061638
right_canary : 0x0106163C value : 3802
=========================================
file : source/operators.cpp
line : 50
address stack_structure : 0x0061FE68
size : 2,  address size : 0x0061FE6C
capacity : 4,  address capacity : 0x0061FE70
address dump file : 0x0061FE74
address memory report file 0x0061FE78
hash : 88147248, address hash : 0x0061FE7C
poison :66666, address poison : 0x0061FE80
address pointer left canary : 0x0061FE84
address pointer right canary : 0x0061FE88
stack : 0x0106162C
left_canary : 0x01061628 value :3565
*data[0] = 6 address = 0x0106162C
*data[1] = 5 address = 0x01061630
data[2] = 66666 address = 0x01061634
data[3] = 66666 address = 0x01061638
right_canary : 0x0106163C value : 3802
=========================================
file : source/operators.cpp
line : 67
address stack_structure : 0x0061FE68
size : 2,  address size : 0x0061FE6C
capacity : 4,  address capacity : 0x0061FE70
address dump file : 0x0061FE74
address memory report file 0x0061FE78
hash : 92280003, address hash : 0x0061FE7C
poison :66666, address poison : 0x0061FE80
address pointer left canary : 0x0061FE84
address pointer right canary : 0x0061FE88
stack : 0x0106162C
left_canary : 0x01061628 value :3565
*data[0] = 6 address = 0x0106162C
*data[1] = 120 address = 0x01061630
data[2] = 66666 address = 0x01061634
data[3] = 66666 address = 0x01061638
right_canary : 0x0106163C value : 3802
=========================================
file : source/operators.cpp
line : 209
address stack_structure : 0x0061FE68
size : 2,  address size : 0x0061FE6C
capacity : 4,  address capacity : 0x0061FE70
address dump file : 0x0061FE74
address memory report file 0x0061FE78
hash : 88147248, address hash : 0x0061FE7C
poison :66666, address poison : 0x0061FE80
address pointer left canary : 0x0061FE84
address pointer right canary : 0x0061FE88
stack : 0x0106162C
left_canary : 0x01061628 value :3565
*data[0] = 6 address = 0x0106162C
*data[1] = 5 address = 0x01061630
data[2] = 66666 address = 0x01061634
data[3] = 66666 address = 0x01061638
right_canary : 0x0106163C value : 3802
=========================================
file : source/operators.cpp
line : 50
address stack_structure : 0x0061FE68
size : 2,  address size : 0x0061FE6C
capacity : 4,  address capacity : 0x0061FE70
address dump file : 0x0061FE74
address memory report file 0x0061FE78
hash : 88183185, address hash : 0x0061FE7C
poison :66666, address poison : 0x0061FE80
address pointer left canary : 0x0061FE84
address pointer right canary : 0x0061FE88
stack : 0x0106162C
left_canary : 0x01061628 value :3565
*data[0] = 6 address = 0x0106162C
*data[1] = 6 address = 0x01061630
data[2] = 66666 address = 0x01061634
data[3] = 66666 address = 0x01061638
right_canary : 0x0106163C value : 3802
=========================================
file : source/operators.cpp
line : 67
address stack_structure : 0x0061FE68
size : 2,  address size : 0x0061FE6C
capacity : 4,  address capacity : 0x0061FE70
address dump file : 0x0061FE74
address memory report file 0x0061FE78
hash : 86244765, address hash : 0x0061FE7C
poison :66666, address poison : 0x0061FE80
address pointer left canary : 0x0061FE84
address pointer right canary : 0x0061FE88
stack : 0x0106162C
left_canary : 0x01061628 value :3565
*data[0] = 6 address = 0x0106162C
*data[1] = 720 address = 0x01061630
data[2] = 66666 address = 0x01061634
data[3] = 66666 address = 0x01061638
right_canary : 0x0106163C value : 3802
=========================================
file : source/operators.cpp
line : 209
address stack_structure : 0x0061FE68
size : 2,  address size : 0x0061FE6C
capacity : 4,  address capacity : 0x0061FE70
address dump file : 0x0061FE74
address memory report file 0x0061FE78
hash : 88183185, address hash : 0x0061FE7C
poison :66666, address poison : 0x0061FE80
address pointer left canary : 0x0061FE84
address pointer right canary : 0x0061FE88
stack : 0x0106162C
left_canary : 0x01061628 value :3565
*data[0] = 6 address = 0x0106162C
*data[1] = 6 address = 0x01061630
data[2] = 66666 address = 0x01061634
data[3] = 66666 address = 0x01061638
right_canary : 0x0106163C value : 3802
=========================================
file : source/operators.cpp
line : 102
address stack_structure : 0x0061FE68
size : 2,  address size : 0x0061FE6C
capacity : 4,  address capacity : 0x0061FE70
address dump file : 0x0061FE74
address memory report file 0x0061FE78
hash : 88183185, address hash : 0x0061FE7C
poison :66666, address poison : 0x0061FE80
address pointer left canary : 0x0061FE84
address pointer right canary : 0x0061FE88
stack : 0x0106162C
left_canary : 0x01061628 value :3565
*data[0] = 6 address = 0x0106162C
*data[1] = 6 address = 0x01061630
data[2] = 66666 address = 0x01061634
data[3] = 66666 address = 0x01061638
right_canary : 0x0106163C value : 3802
