=========================================
old address : 0x010C16DC
old capacity : 10
=========================================
new address : 0x010C16DC
new capacity : 5
=========================================
old address : 0x010C16DC
old capacity : 5
=========================================
new address : 0x010C16DC
new capacity : 10
=========================================
old address : 0x010C16DC
old capacity : 10
=========================================
new address : 0x010C1804
new capacity : 20
=========================================
old address : 0x010C1804
old capacity : 20
=========================================
new address : 0x010C1804
new capacity : 10
=========================================
old address : 0x010C1804
old capacity : 10
=========================================
new address : 0x010C1804
new capacity : 5
=========================================
old address : 0x010C1804
old capacity : 5
=========================================
new address : 0x010C1804
new capacity : 2
=========================================
FREE
address : 0x0061FE68
